<?xml version="1.0" encoding="UTF-8" standalone="no"?>
<testsuite failures="0" name="cucumber.runtime.formatter.JUnitFormatter" skipped="2" tests="2" time="9.091765">
<testcase classname="NopCommerce Register" name="Nopcommerce Valid Register Test" time="5.201163">
<skipped><![CDATA[And Enter an URL............................................................passed
When User click on register Link............................................passed
And User on register page and verify register page title....................passed
Then User enter "Poorna" and "Patel" and "Abc123@gmail.com" and "Abc123@" and "Abc123@".passed
Then User click on Register button..........................................passed
Then User is on home page and verify Home page title........................undefined
And Close the browser.......................................................skipped
]]></skipped>
</testcase>
<testcase classname="NopCommerce Register" name="Nopcommerce Valid Register Test 2" time="3.890602">
<skipped><![CDATA[And Enter an URL............................................................passed
When User click on register Link............................................passed
And User on register page and verify register page title....................passed
Then User enter "Abc" and "Def" and "Abc1234@gmail.com" and "Abc123" and "Abc123".passed
Then User click on Register button..........................................passed
Then User is on home page and verify Home page title........................undefined
And Close the browser.......................................................skipped
]]></skipped>
</testcase>
</testsuite>
